00:00:00.024 [ERROR]-[eduler_Worker-1] c.d.g.d.BaseDao                : [DataBase] 提示消息:当前Sql语句出错; 错误描述:DELETE command denied to user 'dbuser_root'@'192.168.8.167' for table 'u_day_grade'; 当前状态:调用Sql语句delete from u_day_grade where rank <= 0;出错
com.mysql.jdbc.exceptions.jdbc4.MySQLSyntaxErrorException: DELETE command denied to user 'dbuser_root'@'192.168.8.167' for table 'u_day_grade'
	at sun.reflect.NativeConstructorAccessorImpl.newInstance0(Native Method)
	at sun.reflect.NativeConstructorAccessorImpl.newInstance(NativeConstructorAccessorImpl.java:62)
	at sun.reflect.DelegatingConstructorAccessorImpl.newInstance(DelegatingConstructorAccessorImpl.java:45)
	at java.lang.reflect.Constructor.newInstance(Constructor.java:423)
	at com.mysql.jdbc.Util.handleNewInstance(Util.java:409)
	at com.mysql.jdbc.Util.getInstance(Util.java:384)
	at com.mysql.jdbc.SQLError.createSQLException(SQLError.java:1052)
	at com.mysql.jdbc.MysqlIO.checkErrorPacket(MysqlIO.java:4232)
	at com.mysql.jdbc.MysqlIO.checkErrorPacket(MysqlIO.java:4164)
	at com.mysql.jdbc.MysqlIO.sendCommand(MysqlIO.java:2615)
	at com.mysql.jdbc.MysqlIO.sqlQueryDirect(MysqlIO.java:2776)
	at com.mysql.jdbc.ConnectionImpl.execSQL(ConnectionImpl.java:2838)
	at com.mysql.jdbc.PreparedStatement.executeInternal(PreparedStatement.java:2082)
	at com.mysql.jdbc.PreparedStatement.executeUpdate(PreparedStatement.java:2334)
	at com.mysql.jdbc.PreparedStatement.executeUpdate(PreparedStatement.java:2262)
	at com.mysql.jdbc.PreparedStatement.executeUpdate(PreparedStatement.java:2246)
	at sun.reflect.GeneratedMethodAccessor13.invoke(Unknown Source)
	at sun.reflect.DelegatingMethodAccessorImpl.invoke(DelegatingMethodAccessorImpl.java:43)
	at java.lang.reflect.Method.invoke(Method.java:498)
	at com.jolbox.bonecp.MemorizeTransactionProxy.runWithPossibleProxySwap(MemorizeTransactionProxy.java:251)
	at com.jolbox.bonecp.MemorizeTransactionProxy.invoke(MemorizeTransactionProxy.java:177)
	at com.sun.proxy.$Proxy20.executeUpdate(Unknown Source)
	at com.jolbox.bonecp.PreparedStatementHandle.executeUpdate(PreparedStatementHandle.java:203)
	at com.dszy.game.db.BaseDao.execNoneQuery(BaseDao.java:83)
	at com.dszy.game.db.BaseDao.execNoneQuery(BaseDao.java:66)
	at com.dszy.game.dao.pro.UCombatGainsDaoImplPro.deleteTemp(UCombatGainsDaoImplPro.java:35)
	at com.dszy.game.gamelogic.RankCombatGainsManager.dayReset(RankCombatGainsManager.java:67)
	at com.dszy.game.job.RankCombatGainsJob.execute(RankCombatGainsJob.java:27)
	at org.quartz.core.JobRunShell.run(JobRunShell.java:199)
	at org.quartz.simpl.SimpleThreadPool$WorkerThread.run(SimpleThreadPool.java:546)
05:00:00.004 [ERROR]-[eduler_Worker-1] c.d.g.d.BaseDao                : [DataBase] 提示消息:当前Sql语句出错; 错误描述:DELETE command denied to user 'dbuser_root'@'192.168.8.167' for table 'u_pyj_user_record'; 当前状态:调用Sql语句delete from u_pyj_user_record where `date` < now() - interval 7 day出错
com.mysql.jdbc.exceptions.jdbc4.MySQLSyntaxErrorException: DELETE command denied to user 'dbuser_root'@'192.168.8.167' for table 'u_pyj_user_record'
	at sun.reflect.NativeConstructorAccessorImpl.newInstance0(Native Method)
	at sun.reflect.NativeConstructorAccessorImpl.newInstance(NativeConstructorAccessorImpl.java:62)
	at sun.reflect.DelegatingConstructorAccessorImpl.newInstance(DelegatingConstructorAccessorImpl.java:45)
	at java.lang.reflect.Constructor.newInstance(Constructor.java:423)
	at com.mysql.jdbc.Util.handleNewInstance(Util.java:409)
	at com.mysql.jdbc.Util.getInstance(Util.java:384)
	at com.mysql.jdbc.SQLError.createSQLException(SQLError.java:1052)
	at com.mysql.jdbc.MysqlIO.checkErrorPacket(MysqlIO.java:4232)
	at com.mysql.jdbc.MysqlIO.checkErrorPacket(MysqlIO.java:4164)
	at com.mysql.jdbc.MysqlIO.sendCommand(MysqlIO.java:2615)
	at com.mysql.jdbc.MysqlIO.sqlQueryDirect(MysqlIO.java:2776)
	at com.mysql.jdbc.ConnectionImpl.execSQL(ConnectionImpl.java:2838)
	at com.mysql.jdbc.PreparedStatement.executeInternal(PreparedStatement.java:2082)
	at com.mysql.jdbc.PreparedStatement.executeUpdate(PreparedStatement.java:2334)
	at com.mysql.jdbc.PreparedStatement.executeUpdate(PreparedStatement.java:2262)
	at com.mysql.jdbc.PreparedStatement.executeUpdate(PreparedStatement.java:2246)
	at sun.reflect.GeneratedMethodAccessor13.invoke(Unknown Source)
	at sun.reflect.DelegatingMethodAccessorImpl.invoke(DelegatingMethodAccessorImpl.java:43)
	at java.lang.reflect.Method.invoke(Method.java:498)
	at com.jolbox.bonecp.MemorizeTransactionProxy.runWithPossibleProxySwap(MemorizeTransactionProxy.java:251)
	at com.jolbox.bonecp.MemorizeTransactionProxy.invoke(MemorizeTransactionProxy.java:177)
	at com.sun.proxy.$Proxy20.executeUpdate(Unknown Source)
	at com.jolbox.bonecp.PreparedStatementHandle.executeUpdate(PreparedStatementHandle.java:203)
	at com.dszy.game.db.BaseDao.execNoneQuery(BaseDao.java:83)
	at com.dszy.game.db.BaseDao.execNoneQuery(BaseDao.java:66)
	at com.dszy.game.dao.impl.UPyjUserRecordDaoImpl.clearUPyjUserRecordByDate(UPyjUserRecordDaoImpl.java:292)
	at com.dszy.game.gamelogic.GameUserManager.clearPyjUserRecord(GameUserManager.java:601)
	at com.dszy.game.service.room.task.ClearPyjUserRecordJob.clearPyjUserRecord(ClearPyjUserRecordJob.java:23)
	at com.dszy.game.service.room.task.ClearPyjUserRecordJob.execute(ClearPyjUserRecordJob.java:34)
	at org.quartz.core.JobRunShell.run(JobRunShell.java:199)
	at org.quartz.simpl.SimpleThreadPool$WorkerThread.run(SimpleThreadPool.java:546)
11:00:00.017 [ERROR]-[      Thread-18] c.d.g.s.u.OnlineUserActor      : resetDataForNewDay 2110243851 in Thu Mar 15 11:00:00 CST 2018
11:00:00.017 [ERROR]-[      Thread-20] c.d.g.s.u.OnlineUserActor      : resetDataForNewDay 2762326058 in Thu Mar 15 11:00:00 CST 2018
22:11:43.484 [ERROR]-[      Thread-19] c.d.g.s.u.OnlineUserActor      : disconnetProtectTimeout  userid = 2110243851
22:11:43.485 [ERROR]-[      Thread-19] c.d.g.s.u.OnlineUserActor      : disconnetProtectTimeout user ext logout time = Thu Mar 15 22:11:43 CST 2018 userid = 2110243851
22:11:45.815 [ERROR]-[      Thread-15] c.d.g.s.u.OnlineUserActor      : disconnetProtectTimeout  userid = 2762326058
22:11:45.815 [ERROR]-[      Thread-15] c.d.g.s.u.OnlineUserActor      : disconnetProtectTimeout user ext logout time = Thu Mar 15 22:11:45 CST 2018 userid = 2762326058
